2022-05-06 15:01:01.515  INFO 22160 --- [main] c.g.z.w.WebdavTeambitionApplication      : Starting WebdavTeambitionApplication using Java 15.0.2 on PISSH2008003 with PID 22160 (D:\java\webdav-aliyundriver-main\target\classes started by 70B1916 in D:\java\webdav-aliyundriver-main)
2022-05-06 15:01:01.541  INFO 22160 --- [main] c.g.z.w.WebdavTeambitionApplication      : No active profile set, falling back to default profiles: default
2022-05-06 15:01:03.287  INFO 22160 --- [main] o.s.b.w.embedded.tomcat.TomcatWebServer  : Tomcat initialized with port(s): 8080 (http)
2022-05-06 15:01:03.302  INFO 22160 --- [main] o.apache.catalina.core.StandardService   : Starting service [Tomcat]
2022-05-06 15:01:03.302  INFO 22160 --- [main] org.apache.catalina.core.StandardEngine  : Starting Servlet engine: [Apache Tomcat/9.0.41]
2022-05-06 15:01:03.447  INFO 22160 --- [main] o.a.c.c.C.[Tomcat].[localhost].[/]       : Initializing Spring embedded WebApplicationContext
2022-05-06 15:01:03.447  INFO 22160 --- [main] w.s.c.ServletWebServerApplicationContext : Root WebApplicationContext: initialization completed in 1803 ms
2022-05-06 15:01:03.716  INFO 22160 --- [main] o.s.boot.web.servlet.RegistrationBean    : Servlet webdavServlet was not registered (possibly already registered?)
2022-05-06 15:01:40.889  WARN 22160 --- [main] ConfigServletWebServerApplicationContext : Exception encountered during context initialization - cancelling refresh attempt: org.springframework.beans.factory.UnsatisfiedDependencyException: Error creating bean with name 'aliYunDriverCronTask': Unsatisfied dependency expressed through field 'aliYunDriverClientService'; nested exception is org.springframework.beans.factory.NoSuchBeanDefinitionException: No qualifying bean of type 'com.github.zxbu.webdavteambition.store.AliYunDriverClientService' available: expected at least 1 bean which qualifies as autowire candidate. Dependency annotations: {@org.springframework.beans.factory.annotation.Autowired(required=true)}
2022-05-06 15:01:45.645  INFO 22160 --- [main] o.apache.catalina.core.StandardService   : Stopping service [Tomcat]
2022-05-06 15:01:47.282  INFO 22160 --- [main] ConditionEvaluationReportLoggingListener : 

Error starting ApplicationContext. To display the conditions report re-run your application with 'debug' enabled.
2022-05-06 15:01:47.459 ERROR 22160 --- [main] o.s.b.d.LoggingFailureAnalysisReporter   : 

***************************
APPLICATION FAILED TO START
***************************

Description:

Field aliYunDriverClientService in com.github.zxbu.webdavteambition.config.AliYunDriverCronTask required a bean of type 'com.github.zxbu.webdavteambition.store.AliYunDriverClientService' that could not be found.

The injection point has the following annotations:
	- @org.springframework.beans.factory.annotation.Autowired(required=true)


Action:

Consider defining a bean of type 'com.github.zxbu.webdavteambition.store.AliYunDriverClientService' in your configuration.

2022-05-06 15:03:13.057  INFO 9520 --- [main] c.g.z.w.WebdavTeambitionApplication      : Starting WebdavTeambitionApplication using Java 15.0.2 on PISSH2008003 with PID 9520 (D:\java\webdav-aliyundriver-main\target\classes started by 70B1916 in D:\java\webdav-aliyundriver-main)
2022-05-06 15:03:13.063  INFO 9520 --- [main] c.g.z.w.WebdavTeambitionApplication      : No active profile set, falling back to default profiles: default
2022-05-06 15:03:16.306  INFO 9520 --- [main] o.s.b.w.embedded.tomcat.TomcatWebServer  : Tomcat initialized with port(s): 8080 (http)
2022-05-06 15:03:16.352  INFO 9520 --- [main] o.apache.catalina.core.StandardService   : Starting service [Tomcat]
2022-05-06 15:03:16.353  INFO 9520 --- [main] org.apache.catalina.core.StandardEngine  : Starting Servlet engine: [Apache Tomcat/9.0.41]
2022-05-06 15:03:16.540  INFO 9520 --- [main] o.a.c.c.C.[Tomcat].[localhost].[/]       : Initializing Spring embedded WebApplicationContext
2022-05-06 15:03:16.541  INFO 9520 --- [main] w.s.c.ServletWebServerApplicationContext : Root WebApplicationContext: initialization completed in 3282 ms
2022-05-06 15:03:16.951  INFO 9520 --- [main] o.s.boot.web.servlet.RegistrationBean    : Servlet webdavServlet was not registered (possibly already registered?)
2022-05-06 15:05:28.471  WARN 9520 --- [main] ConfigServletWebServerApplicationContext : Exception encountered during context initialization - cancelling refresh attempt: org.springframework.beans.factory.UnsatisfiedDependencyException: Error creating bean with name 'aliYunDriverCronTask': Unsatisfied dependency expressed through field 'aliYunDriverClientService'; nested exception is org.springframework.beans.factory.UnsatisfiedDependencyException: Error creating bean with name 'aliYunDriverClientService' defined in file [D:\java\webdav-aliyundriver-main\target\classes\com\github\zxbu\webdavteambition\store\AliYunDriverClientService.class]: Unsatisfied dependency expressed through constructor parameter 0; nested exception is org.springframework.beans.factory.BeanCreationException: Error creating bean with name 'teambitionClient' defined in class path resource [com/github/zxbu/webdavteambition/config/AliYunDriverAutoConfig.class]: Bean instantiation via factory method failed; nested exception is org.springframework.beans.BeanInstantiationException: Failed to instantiate [com.github.zxbu.webdavteambition.client.AliYunDriverClient]: Factory method 'teambitionClient' threw exception; nested exception is net.sf.webdav.exceptions.WebdavException: java.net.ConnectException: Failed to connect to cloud.189.cn/14.18.110.142:443
2022-05-06 15:07:00.445  INFO 9520 --- [main] o.apache.catalina.core.StandardService   : Stopping service [Tomcat]
2022-05-06 15:07:00.466  INFO 9520 --- [main] ConditionEvaluationReportLoggingListener : 

Error starting ApplicationContext. To display the conditions report re-run your application with 'debug' enabled.
2022-05-06 15:07:00.519 ERROR 9520 --- [main] o.s.boot.SpringApplication               : Application run failed

org.springframework.beans.factory.UnsatisfiedDependencyException: Error creating bean with name 'aliYunDriverCronTask': Unsatisfied dependency expressed through field 'aliYunDriverClientService'; nested exception is org.springframework.beans.factory.UnsatisfiedDependencyException: Error creating bean with name 'aliYunDriverClientService' defined in file [D:\java\webdav-aliyundriver-main\target\classes\com\github\zxbu\webdavteambition\store\AliYunDriverClientService.class]: Unsatisfied dependency expressed through constructor parameter 0; nested exception is org.springframework.beans.factory.BeanCreationException: Error creating bean with name 'teambitionClient' defined in class path resource [com/github/zxbu/webdavteambition/config/AliYunDriverAutoConfig.class]: Bean instantiation via factory method failed; nested exception is org.springframework.beans.BeanInstantiationException: Failed to instantiate [com.github.zxbu.webdavteambition.client.AliYunDriverClient]: Factory method 'teambitionClient' threw exception; nested exception is net.sf.webdav.exceptions.WebdavException: java.net.ConnectException: Failed to connect to cloud.189.cn/14.18.110.142:443
	at org.springframework.beans.factory.annotation.AutowiredAnnotationBeanPostProcessor$AutowiredFieldElement.inject(AutowiredAnnotationBeanPostProcessor.java:643) ~[spring-beans-5.3.2.jar:5.3.2]
	at org.springframework.beans.factory.annotation.InjectionMetadata.inject(InjectionMetadata.java:119) ~[spring-beans-5.3.2.jar:5.3.2]
	at org.springframework.beans.factory.annotation.AutowiredAnnotationBeanPostProcessor.postProcessProperties(AutowiredAnnotationBeanPostProcessor.java:399) ~[spring-beans-5.3.2.jar:5.3.2]
	at org.springframework.beans.factory.support.AbstractAutowireCapableBeanFactory.populateBean(AbstractAutowireCapableBeanFactory.java:1415) ~[spring-beans-5.3.2.jar:5.3.2]
	at org.springframework.beans.factory.support.AbstractAutowireCapableBeanFactory.doCreateBean(AbstractAutowireCapableBeanFactory.java:608) ~[spring-beans-5.3.2.jar:5.3.2]
	at org.springframework.beans.factory.support.AbstractAutowireCapableBeanFactory.createBean(AbstractAutowireCapableBeanFactory.java:531) ~[spring-beans-5.3.2.jar:5.3.2]
	at org.springframework.beans.factory.support.AbstractBeanFactory.lambda$doGetBean$0(AbstractBeanFactory.java:335) ~[spring-beans-5.3.2.jar:5.3.2]
	at org.springframework.beans.factory.support.DefaultSingletonBeanRegistry.getSingleton(DefaultSingletonBeanRegistry.java:234) ~[spring-beans-5.3.2.jar:5.3.2]
	at org.springframework.beans.factory.support.AbstractBeanFactory.doGetBean(AbstractBeanFactory.java:333) ~[spring-beans-5.3.2.jar:5.3.2]
	at org.springframework.beans.factory.support.AbstractBeanFactory.getBean(AbstractBeanFactory.java:208) ~[spring-beans-5.3.2.jar:5.3.2]
	at org.springframework.beans.factory.support.DefaultListableBeanFactory.preInstantiateSingletons(DefaultListableBeanFactory.java:944) ~[spring-beans-5.3.2.jar:5.3.2]
	at org.springframework.context.support.AbstractApplicationContext.finishBeanFactoryInitialization(AbstractApplicationContext.java:923) ~[spring-context-5.3.2.jar:5.3.2]
	at org.springframework.context.support.AbstractApplicationContext.refresh(AbstractApplicationContext.java:588) ~[spring-context-5.3.2.jar:5.3.2]
	at org.springframework.boot.web.servlet.context.ServletWebServerApplicationContext.refresh(ServletWebServerApplicationContext.java:144) ~[spring-boot-2.4.1.jar:2.4.1]
	at org.springframework.boot.SpringApplication.refresh(SpringApplication.java:767) ~[spring-boot-2.4.1.jar:2.4.1]
	at org.springframework.boot.SpringApplication.refresh(SpringApplication.java:759) ~[spring-boot-2.4.1.jar:2.4.1]
	at org.springframework.boot.SpringApplication.refreshContext(SpringApplication.java:426) ~[spring-boot-2.4.1.jar:2.4.1]
	at org.springframework.boot.SpringApplication.run(SpringApplication.java:326) ~[spring-boot-2.4.1.jar:2.4.1]
	at org.springframework.boot.SpringApplication.run(SpringApplication.java:1309) ~[spring-boot-2.4.1.jar:2.4.1]
	at org.springframework.boot.SpringApplication.run(SpringApplication.java:1298) ~[spring-boot-2.4.1.jar:2.4.1]
	at com.github.zxbu.webdavteambition.WebdavTeambitionApplication.main(WebdavTeambitionApplication.java:22) ~[classes/:na]
Caused by: org.springframework.beans.factory.UnsatisfiedDependencyException: Error creating bean with name 'aliYunDriverClientService' defined in file [D:\java\webdav-aliyundriver-main\target\classes\com\github\zxbu\webdavteambition\store\AliYunDriverClientService.class]: Unsatisfied dependency expressed through constructor parameter 0; nested exception is org.springframework.beans.factory.BeanCreationException: Error creating bean with name 'teambitionClient' defined in class path resource [com/github/zxbu/webdavteambition/config/AliYunDriverAutoConfig.class]: Bean instantiation via factory method failed; nested exception is org.springframework.beans.BeanInstantiationException: Failed to instantiate [com.github.zxbu.webdavteambition.client.AliYunDriverClient]: Factory method 'teambitionClient' threw exception; nested exception is net.sf.webdav.exceptions.WebdavException: java.net.ConnectException: Failed to connect to cloud.189.cn/14.18.110.142:443
	at org.springframework.beans.factory.support.ConstructorResolver.createArgumentArray(ConstructorResolver.java:800) ~[spring-beans-5.3.2.jar:5.3.2]
	at org.springframework.beans.factory.support.ConstructorResolver.autowireConstructor(ConstructorResolver.java:229) ~[spring-beans-5.3.2.jar:5.3.2]
	at org.springframework.beans.factory.support.AbstractAutowireCapableBeanFactory.autowireConstructor(AbstractAutowireCapableBeanFactory.java:1356) ~[spring-beans-5.3.2.jar:5.3.2]
	at org.springframework.beans.factory.support.AbstractAutowireCapableBeanFactory.createBeanInstance(AbstractAutowireCapableBeanFactory.java:1206) ~[spring-beans-5.3.2.jar:5.3.2]
	at org.springframework.beans.factory.support.AbstractAutowireCapableBeanFactory.doCreateBean(AbstractAutowireCapableBeanFactory.java:571) ~[spring-beans-5.3.2.jar:5.3.2]
	at org.springframework.beans.factory.support.AbstractAutowireCapableBeanFactory.createBean(AbstractAutowireCapableBeanFactory.java:531) ~[spring-beans-5.3.2.jar:5.3.2]
	at org.springframework.beans.factory.support.AbstractBeanFactory.lambda$doGetBean$0(AbstractBeanFactory.java:335) ~[spring-beans-5.3.2.jar:5.3.2]
	at org.springframework.beans.factory.support.DefaultSingletonBeanRegistry.getSingleton(DefaultSingletonBeanRegistry.java:234) ~[spring-beans-5.3.2.jar:5.3.2]
	at org.springframework.beans.factory.support.AbstractBeanFactory.doGetBean(AbstractBeanFactory.java:333) ~[spring-beans-5.3.2.jar:5.3.2]
	at org.springframework.beans.factory.support.AbstractBeanFactory.getBean(AbstractBeanFactory.java:208) ~[spring-beans-5.3.2.jar:5.3.2]
	at org.springframework.beans.factory.config.DependencyDescriptor.resolveCandidate(DependencyDescriptor.java:276) ~[spring-beans-5.3.2.jar:5.3.2]
	at org.springframework.beans.factory.support.DefaultListableBeanFactory.doResolveDependency(DefaultListableBeanFactory.java:1367) ~[spring-beans-5.3.2.jar:5.3.2]
	at org.springframework.beans.factory.support.DefaultListableBeanFactory.resolveDependency(DefaultListableBeanFactory.java:1287) ~[spring-beans-5.3.2.jar:5.3.2]
	at org.springframework.beans.factory.annotation.AutowiredAnnotationBeanPostProcessor$AutowiredFieldElement.inject(AutowiredAnnotationBeanPostProcessor.java:640) ~[spring-beans-5.3.2.jar:5.3.2]
	... 20 common frames omitted
Caused by: org.springframework.beans.factory.BeanCreationException: Error creating bean with name 'teambitionClient' defined in class path resource [com/github/zxbu/webdavteambition/config/AliYunDriverAutoConfig.class]: Bean instantiation via factory method failed; nested exception is org.springframework.beans.BeanInstantiationException: Failed to instantiate [com.github.zxbu.webdavteambition.client.AliYunDriverClient]: Factory method 'teambitionClient' threw exception; nested exception is net.sf.webdav.exceptions.WebdavException: java.net.ConnectException: Failed to connect to cloud.189.cn/14.18.110.142:443
	at org.springframework.beans.factory.support.ConstructorResolver.instantiate(ConstructorResolver.java:658) ~[spring-beans-5.3.2.jar:5.3.2]
	at org.springframework.beans.factory.support.ConstructorResolver.instantiateUsingFactoryMethod(ConstructorResolver.java:638) ~[spring-beans-5.3.2.jar:5.3.2]
	at org.springframework.beans.factory.support.AbstractAutowireCapableBeanFactory.instantiateUsingFactoryMethod(AbstractAutowireCapableBeanFactory.java:1336) ~[spring-beans-5.3.2.jar:5.3.2]
	at org.springframework.beans.factory.support.AbstractAutowireCapableBeanFactory.createBeanInstance(AbstractAutowireCapableBeanFactory.java:1179) ~[spring-beans-5.3.2.jar:5.3.2]
	at org.springframework.beans.factory.support.AbstractAutowireCapableBeanFactory.doCreateBean(AbstractAutowireCapableBeanFactory.java:571) ~[spring-beans-5.3.2.jar:5.3.2]
	at org.springframework.beans.factory.support.AbstractAutowireCapableBeanFactory.createBean(AbstractAutowireCapableBeanFactory.java:531) ~[spring-beans-5.3.2.jar:5.3.2]
	at org.springframework.beans.factory.support.AbstractBeanFactory.lambda$doGetBean$0(AbstractBeanFactory.java:335) ~[spring-beans-5.3.2.jar:5.3.2]
	at org.springframework.beans.factory.support.DefaultSingletonBeanRegistry.getSingleton(DefaultSingletonBeanRegistry.java:234) ~[spring-beans-5.3.2.jar:5.3.2]
	at org.springframework.beans.factory.support.AbstractBeanFactory.doGetBean(AbstractBeanFactory.java:333) ~[spring-beans-5.3.2.jar:5.3.2]
	at org.springframework.beans.factory.support.AbstractBeanFactory.getBean(AbstractBeanFactory.java:208) ~[spring-beans-5.3.2.jar:5.3.2]
	at org.springframework.beans.factory.config.DependencyDescriptor.resolveCandidate(DependencyDescriptor.java:276) ~[spring-beans-5.3.2.jar:5.3.2]
	at org.springframework.beans.factory.support.DefaultListableBeanFactory.doResolveDependency(DefaultListableBeanFactory.java:1367) ~[spring-beans-5.3.2.jar:5.3.2]
	at org.springframework.beans.factory.support.DefaultListableBeanFactory.resolveDependency(DefaultListableBeanFactory.java:1287) ~[spring-beans-5.3.2.jar:5.3.2]
	at org.springframework.beans.factory.support.ConstructorResolver.resolveAutowiredArgument(ConstructorResolver.java:887) ~[spring-beans-5.3.2.jar:5.3.2]
	at org.springframework.beans.factory.support.ConstructorResolver.createArgumentArray(ConstructorResolver.java:791) ~[spring-beans-5.3.2.jar:5.3.2]
	... 33 common frames omitted
Caused by: org.springframework.beans.BeanInstantiationException: Failed to instantiate [com.github.zxbu.webdavteambition.client.AliYunDriverClient]: Factory method 'teambitionClient' threw exception; nested exception is net.sf.webdav.exceptions.WebdavException: java.net.ConnectException: Failed to connect to cloud.189.cn/14.18.110.142:443
	at org.springframework.beans.factory.support.SimpleInstantiationStrategy.instantiate(SimpleInstantiationStrategy.java:185) ~[spring-beans-5.3.2.jar:5.3.2]
	at org.springframework.beans.factory.support.ConstructorResolver.instantiate(ConstructorResolver.java:653) ~[spring-beans-5.3.2.jar:5.3.2]
	... 47 common frames omitted
Caused by: net.sf.webdav.exceptions.WebdavException: java.net.ConnectException: Failed to connect to cloud.189.cn/14.18.110.142:443
	at com.github.zxbu.webdavteambition.client.AliYunDriverClient.get(AliYunDriverClient.java:218) ~[classes/:na]
	at com.github.zxbu.webdavteambition.client.AliYunDriverClient.init(AliYunDriverClient.java:112) ~[classes/:na]
	at com.github.zxbu.webdavteambition.client.AliYunDriverClient.<init>(AliYunDriverClient.java:102) ~[classes/:na]
	at com.github.zxbu.webdavteambition.config.AliYunDriverAutoConfig.teambitionClient(AliYunDriverAutoConfig.java:22) ~[classes/:na]
	at com.github.zxbu.webdavteambition.config.AliYunDriverAutoConfig$$EnhancerBySpringCGLIB$$586cb1ff.CGLIB$teambitionClient$0(<generated>) ~[classes/:na]
	at com.github.zxbu.webdavteambition.config.AliYunDriverAutoConfig$$EnhancerBySpringCGLIB$$586cb1ff$$FastClassBySpringCGLIB$$fb6242d1.invoke(<generated>) ~[classes/:na]
	at org.springframework.cglib.proxy.MethodProxy.invokeSuper(MethodProxy.java:244) ~[spring-core-5.3.2.jar:5.3.2]
	at org.springframework.context.annotation.ConfigurationClassEnhancer$BeanMethodInterceptor.intercept(ConfigurationClassEnhancer.java:331) ~[spring-context-5.3.2.jar:5.3.2]
	at com.github.zxbu.webdavteambition.config.AliYunDriverAutoConfig$$EnhancerBySpringCGLIB$$586cb1ff.teambitionClient(<generated>) ~[classes/:na]
	at java.base/jdk.internal.reflect.NativeMethodAccessorImpl.invoke0(Native Method) ~[na:na]
	at java.base/jdk.internal.reflect.NativeMethodAccessorImpl.invoke(NativeMethodAccessorImpl.java:64) ~[na:na]
	at java.base/jdk.internal.reflect.DelegatingMethodAccessorImpl.invoke(DelegatingMethodAccessorImpl.java:43) ~[na:na]
	at java.base/java.lang.reflect.Method.invoke(Method.java:564) ~[na:na]
	at org.springframework.beans.factory.support.SimpleInstantiationStrategy.instantiate(SimpleInstantiationStrategy.java:154) ~[spring-beans-5.3.2.jar:5.3.2]
	... 48 common frames omitted
Caused by: java.net.ConnectException: Failed to connect to cloud.189.cn/14.18.110.142:443
	at okhttp3.internal.connection.RealConnection.connectSocket(RealConnection.java:265) ~[okhttp-3.14.9.jar:na]
	at okhttp3.internal.connection.RealConnection.connect(RealConnection.java:183) ~[okhttp-3.14.9.jar:na]
	at okhttp3.internal.connection.ExchangeFinder.findConnection(ExchangeFinder.java:224) ~[okhttp-3.14.9.jar:na]
	at okhttp3.internal.connection.ExchangeFinder.findHealthyConnection(ExchangeFinder.java:108) ~[okhttp-3.14.9.jar:na]
	at okhttp3.internal.connection.ExchangeFinder.find(ExchangeFinder.java:88) ~[okhttp-3.14.9.jar:na]
	at okhttp3.internal.connection.Transmitter.newExchange(Transmitter.java:169) ~[okhttp-3.14.9.jar:na]
	at okhttp3.internal.connection.ConnectInterceptor.intercept(ConnectInterceptor.java:41) ~[okhttp-3.14.9.jar:na]
	at okhttp3.internal.http.RealInterceptorChain.proceed(RealInterceptorChain.java:142) ~[okhttp-3.14.9.jar:na]
	at okhttp3.internal.http.RealInterceptorChain.proceed(RealInterceptorChain.java:117) ~[okhttp-3.14.9.jar:na]
	at okhttp3.internal.cache.CacheInterceptor.intercept(CacheInterceptor.java:94) ~[okhttp-3.14.9.jar:na]
	at okhttp3.internal.http.RealInterceptorChain.proceed(RealInterceptorChain.java:142) ~[okhttp-3.14.9.jar:na]
	at okhttp3.internal.http.RealInterceptorChain.proceed(RealInterceptorChain.java:117) ~[okhttp-3.14.9.jar:na]
	at okhttp3.internal.http.BridgeInterceptor.intercept(BridgeInterceptor.java:93) ~[okhttp-3.14.9.jar:na]
	at okhttp3.internal.http.RealInterceptorChain.proceed(RealInterceptorChain.java:142) ~[okhttp-3.14.9.jar:na]
	at okhttp3.internal.http.RetryAndFollowUpInterceptor.intercept(RetryAndFollowUpInterceptor.java:88) ~[okhttp-3.14.9.jar:na]
	at okhttp3.internal.http.RealInterceptorChain.proceed(RealInterceptorChain.java:142) ~[okhttp-3.14.9.jar:na]
	at okhttp3.internal.http.RealInterceptorChain.proceed(RealInterceptorChain.java:117) ~[okhttp-3.14.9.jar:na]
	at com.github.zxbu.webdavteambition.client.AliYunDriverClient$3.intercept(AliYunDriverClient.java:44) ~[classes/:na]
	at okhttp3.internal.http.RealInterceptorChain.proceed(RealInterceptorChain.java:142) ~[okhttp-3.14.9.jar:na]
	at okhttp3.internal.http.RealInterceptorChain.proceed(RealInterceptorChain.java:117) ~[okhttp-3.14.9.jar:na]
	at okhttp3.RealCall.getResponseWithInterceptorChain(RealCall.java:229) ~[okhttp-3.14.9.jar:na]
	at okhttp3.RealCall.execute(RealCall.java:81) ~[okhttp-3.14.9.jar:na]
	at com.github.zxbu.webdavteambition.client.AliYunDriverClient.get(AliYunDriverClient.java:209) ~[classes/:na]
	... 61 common frames omitted
Caused by: java.net.ConnectException: Connection timed out: no further information
	at java.base/sun.nio.ch.Net.pollConnect(Native Method) ~[na:na]
	at java.base/sun.nio.ch.Net.pollConnectNow(Net.java:660) ~[na:na]
	at java.base/sun.nio.ch.NioSocketImpl.timedFinishConnect(NioSocketImpl.java:549) ~[na:na]
	at java.base/sun.nio.ch.NioSocketImpl.connect(NioSocketImpl.java:597) ~[na:na]
	at java.base/java.net.SocksSocketImpl.connect(SocksSocketImpl.java:333) ~[na:na]
	at java.base/java.net.Socket.connect(Socket.java:648) ~[na:na]
	at okhttp3.internal.platform.Platform.connectSocket(Platform.java:130) ~[okhttp-3.14.9.jar:na]
	at okhttp3.internal.connection.RealConnection.connectSocket(RealConnection.java:263) ~[okhttp-3.14.9.jar:na]
	... 83 common frames omitted

2022-05-06 15:07:13.296  INFO 17540 --- [main] c.g.z.w.WebdavTeambitionApplication      : Starting WebdavTeambitionApplication using Java 15.0.2 on PISSH2008003 with PID 17540 (D:\java\webdav-aliyundriver-main\target\classes started by 70B1916 in D:\java\webdav-aliyundriver-main)
2022-05-06 15:07:13.305  INFO 17540 --- [main] c.g.z.w.WebdavTeambitionApplication      : No active profile set, falling back to default profiles: default
2022-05-06 15:07:16.901  INFO 17540 --- [main] o.s.b.w.embedded.tomcat.TomcatWebServer  : Tomcat initialized with port(s): 8080 (http)
2022-05-06 15:07:16.949  INFO 17540 --- [main] o.apache.catalina.core.StandardService   : Starting service [Tomcat]
2022-05-06 15:07:16.950  INFO 17540 --- [main] org.apache.catalina.core.StandardEngine  : Starting Servlet engine: [Apache Tomcat/9.0.41]
2022-05-06 15:07:17.164  INFO 17540 --- [main] o.a.c.c.C.[Tomcat].[localhost].[/]       : Initializing Spring embedded WebApplicationContext
2022-05-06 15:07:17.165  INFO 17540 --- [main] w.s.c.ServletWebServerApplicationContext : Root WebApplicationContext: initialization completed in 3644 ms
2022-05-06 15:07:17.748  INFO 17540 --- [main] o.s.boot.web.servlet.RegistrationBean    : Servlet webdavServlet was not registered (possibly already registered?)
2022-05-06 15:09:43.943  WARN 17540 --- [main] ConfigServletWebServerApplicationContext : Exception encountered during context initialization - cancelling refresh attempt: org.springframework.beans.factory.UnsatisfiedDependencyException: Error creating bean with name 'aliYunDriverClientService' defined in file [D:\java\webdav-aliyundriver-main\target\classes\com\github\zxbu\webdavteambition\store\AliYunDriverClientService.class]: Unsatisfied dependency expressed through constructor parameter 0; nested exception is org.springframework.beans.factory.BeanCreationException: Error creating bean with name 'teambitionClient' defined in class path resource [com/github/zxbu/webdavteambition/config/AliYunDriverAutoConfig.class]: Bean instantiation via factory method failed; nested exception is org.springframework.beans.BeanInstantiationException: Failed to instantiate [com.github.zxbu.webdavteambition.client.AliYunDriverClient]: Factory method 'teambitionClient' threw exception; nested exception is net.sf.webdav.exceptions.WebdavException: java.net.ConnectException: Failed to connect to cloud.189.cn/14.18.110.142:443
2022-05-06 15:09:43.953  INFO 17540 --- [main] o.apache.catalina.core.StandardService   : Stopping service [Tomcat]
2022-05-06 15:09:43.985  INFO 17540 --- [main] ConditionEvaluationReportLoggingListener : 

Error starting ApplicationContext. To display the conditions report re-run your application with 'debug' enabled.
2022-05-06 15:09:44.046 ERROR 17540 --- [main] o.s.boot.SpringApplication               : Application run failed

org.springframework.beans.factory.UnsatisfiedDependencyException: Error creating bean with name 'aliYunDriverClientService' defined in file [D:\java\webdav-aliyundriver-main\target\classes\com\github\zxbu\webdavteambition\store\AliYunDriverClientService.class]: Unsatisfied dependency expressed through constructor parameter 0; nested exception is org.springframework.beans.factory.BeanCreationException: Error creating bean with name 'teambitionClient' defined in class path resource [com/github/zxbu/webdavteambition/config/AliYunDriverAutoConfig.class]: Bean instantiation via factory method failed; nested exception is org.springframework.beans.BeanInstantiationException: Failed to instantiate [com.github.zxbu.webdavteambition.client.AliYunDriverClient]: Factory method 'teambitionClient' threw exception; nested exception is net.sf.webdav.exceptions.WebdavException: java.net.ConnectException: Failed to connect to cloud.189.cn/14.18.110.142:443
	at org.springframework.beans.factory.support.ConstructorResolver.createArgumentArray(ConstructorResolver.java:800) ~[spring-beans-5.3.2.jar:5.3.2]
	at org.springframework.beans.factory.support.ConstructorResolver.autowireConstructor(ConstructorResolver.java:229) ~[spring-beans-5.3.2.jar:5.3.2]
	at org.springframework.beans.factory.support.AbstractAutowireCapableBeanFactory.autowireConstructor(AbstractAutowireCapableBeanFactory.java:1356) ~[spring-beans-5.3.2.jar:5.3.2]
	at org.springframework.beans.factory.support.AbstractAutowireCapableBeanFactory.createBeanInstance(AbstractAutowireCapableBeanFactory.java:1206) ~[spring-beans-5.3.2.jar:5.3.2]
	at org.springframework.beans.factory.support.AbstractAutowireCapableBeanFactory.doCreateBean(AbstractAutowireCapableBeanFactory.java:571) ~[spring-beans-5.3.2.jar:5.3.2]
	at org.springframework.beans.factory.support.AbstractAutowireCapableBeanFactory.createBean(AbstractAutowireCapableBeanFactory.java:531) ~[spring-beans-5.3.2.jar:5.3.2]
	at org.springframework.beans.factory.support.AbstractBeanFactory.lambda$doGetBean$0(AbstractBeanFactory.java:335) ~[spring-beans-5.3.2.jar:5.3.2]
	at org.springframework.beans.factory.support.DefaultSingletonBeanRegistry.getSingleton(DefaultSingletonBeanRegistry.java:234) ~[spring-beans-5.3.2.jar:5.3.2]
	at org.springframework.beans.factory.support.AbstractBeanFactory.doGetBean(AbstractBeanFactory.java:333) ~[spring-beans-5.3.2.jar:5.3.2]
	at org.springframework.beans.factory.support.AbstractBeanFactory.getBean(AbstractBeanFactory.java:208) ~[spring-beans-5.3.2.jar:5.3.2]
	at org.springframework.beans.factory.support.DefaultListableBeanFactory.preInstantiateSingletons(DefaultListableBeanFactory.java:944) ~[spring-beans-5.3.2.jar:5.3.2]
	at org.springframework.context.support.AbstractApplicationContext.finishBeanFactoryInitialization(AbstractApplicationContext.java:923) ~[spring-context-5.3.2.jar:5.3.2]
	at org.springframework.context.support.AbstractApplicationContext.refresh(AbstractApplicationContext.java:588) ~[spring-context-5.3.2.jar:5.3.2]
	at org.springframework.boot.web.servlet.context.ServletWebServerApplicationContext.refresh(ServletWebServerApplicationContext.java:144) ~[spring-boot-2.4.1.jar:2.4.1]
	at org.springframework.boot.SpringApplication.refresh(SpringApplication.java:767) ~[spring-boot-2.4.1.jar:2.4.1]
	at org.springframework.boot.SpringApplication.refresh(SpringApplication.java:759) ~[spring-boot-2.4.1.jar:2.4.1]
	at org.springframework.boot.SpringApplication.refreshContext(SpringApplication.java:426) ~[spring-boot-2.4.1.jar:2.4.1]
	at org.springframework.boot.SpringApplication.run(SpringApplication.java:326) ~[spring-boot-2.4.1.jar:2.4.1]
	at org.springframework.boot.SpringApplication.run(SpringApplication.java:1309) ~[spring-boot-2.4.1.jar:2.4.1]
	at org.springframework.boot.SpringApplication.run(SpringApplication.java:1298) ~[spring-boot-2.4.1.jar:2.4.1]
	at com.github.zxbu.webdavteambition.WebdavTeambitionApplication.main(WebdavTeambitionApplication.java:22) ~[classes/:na]
Caused by: org.springframework.beans.factory.BeanCreationException: Error creating bean with name 'teambitionClient' defined in class path resource [com/github/zxbu/webdavteambition/config/AliYunDriverAutoConfig.class]: Bean instantiation via factory method failed; nested exception is org.springframework.beans.BeanInstantiationException: Failed to instantiate [com.github.zxbu.webdavteambition.client.AliYunDriverClient]: Factory method 'teambitionClient' threw exception; nested exception is net.sf.webdav.exceptions.WebdavException: java.net.ConnectException: Failed to connect to cloud.189.cn/14.18.110.142:443
	at org.springframework.beans.factory.support.ConstructorResolver.instantiate(ConstructorResolver.java:658) ~[spring-beans-5.3.2.jar:5.3.2]
	at org.springframework.beans.factory.support.ConstructorResolver.instantiateUsingFactoryMethod(ConstructorResolver.java:638) ~[spring-beans-5.3.2.jar:5.3.2]
	at org.springframework.beans.factory.support.AbstractAutowireCapableBeanFactory.instantiateUsingFactoryMethod(AbstractAutowireCapableBeanFactory.java:1336) ~[spring-beans-5.3.2.jar:5.3.2]
	at org.springframework.beans.factory.support.AbstractAutowireCapableBeanFactory.createBeanInstance(AbstractAutowireCapableBeanFactory.java:1179) ~[spring-beans-5.3.2.jar:5.3.2]
	at org.springframework.beans.factory.support.AbstractAutowireCapableBeanFactory.doCreateBean(AbstractAutowireCapableBeanFactory.java:571) ~[spring-beans-5.3.2.jar:5.3.2]
	at org.springframework.beans.factory.support.AbstractAutowireCapableBeanFactory.createBean(AbstractAutowireCapableBeanFactory.java:531) ~[spring-beans-5.3.2.jar:5.3.2]
	at org.springframework.beans.factory.support.AbstractBeanFactory.lambda$doGetBean$0(AbstractBeanFactory.java:335) ~[spring-beans-5.3.2.jar:5.3.2]
	at org.springframework.beans.factory.support.DefaultSingletonBeanRegistry.getSingleton(DefaultSingletonBeanRegistry.java:234) ~[spring-beans-5.3.2.jar:5.3.2]
	at org.springframework.beans.factory.support.AbstractBeanFactory.doGetBean(AbstractBeanFactory.java:333) ~[spring-beans-5.3.2.jar:5.3.2]
	at org.springframework.beans.factory.support.AbstractBeanFactory.getBean(AbstractBeanFactory.java:208) ~[spring-beans-5.3.2.jar:5.3.2]
	at org.springframework.beans.factory.config.DependencyDescriptor.resolveCandidate(DependencyDescriptor.java:276) ~[spring-beans-5.3.2.jar:5.3.2]
	at org.springframework.beans.factory.support.DefaultListableBeanFactory.doResolveDependency(DefaultListableBeanFactory.java:1367) ~[spring-beans-5.3.2.jar:5.3.2]
	at org.springframework.beans.factory.support.DefaultListableBeanFactory.resolveDependency(DefaultListableBeanFactory.java:1287) ~[spring-beans-5.3.2.jar:5.3.2]
	at org.springframework.beans.factory.support.ConstructorResolver.resolveAutowiredArgument(ConstructorResolver.java:887) ~[spring-beans-5.3.2.jar:5.3.2]
	at org.springframework.beans.factory.support.ConstructorResolver.createArgumentArray(ConstructorResolver.java:791) ~[spring-beans-5.3.2.jar:5.3.2]
	... 20 common frames omitted
Caused by: org.springframework.beans.BeanInstantiationException: Failed to instantiate [com.github.zxbu.webdavteambition.client.AliYunDriverClient]: Factory method 'teambitionClient' threw exception; nested exception is net.sf.webdav.exceptions.WebdavException: java.net.ConnectException: Failed to connect to cloud.189.cn/14.18.110.142:443
	at org.springframework.beans.factory.support.SimpleInstantiationStrategy.instantiate(SimpleInstantiationStrategy.java:185) ~[spring-beans-5.3.2.jar:5.3.2]
	at org.springframework.beans.factory.support.ConstructorResolver.instantiate(ConstructorResolver.java:653) ~[spring-beans-5.3.2.jar:5.3.2]
	... 34 common frames omitted
Caused by: net.sf.webdav.exceptions.WebdavException: java.net.ConnectException: Failed to connect to cloud.189.cn/14.18.110.142:443
	at com.github.zxbu.webdavteambition.client.AliYunDriverClient.get(AliYunDriverClient.java:218) ~[classes/:na]
	at com.github.zxbu.webdavteambition.client.AliYunDriverClient.init(AliYunDriverClient.java:112) ~[classes/:na]
	at com.github.zxbu.webdavteambition.client.AliYunDriverClient.<init>(AliYunDriverClient.java:102) ~[classes/:na]
	at com.github.zxbu.webdavteambition.config.AliYunDriverAutoConfig.teambitionClient(AliYunDriverAutoConfig.java:22) ~[classes/:na]
	at com.github.zxbu.webdavteambition.config.AliYunDriverAutoConfig$$EnhancerBySpringCGLIB$$a118b4ca.CGLIB$teambitionClient$0(<generated>) ~[classes/:na]
	at com.github.zxbu.webdavteambition.config.AliYunDriverAutoConfig$$EnhancerBySpringCGLIB$$a118b4ca$$FastClassBySpringCGLIB$$58e43779.invoke(<generated>) ~[classes/:na]
	at org.springframework.cglib.proxy.MethodProxy.invokeSuper(MethodProxy.java:244) ~[spring-core-5.3.2.jar:5.3.2]
	at org.springframework.context.annotation.ConfigurationClassEnhancer$BeanMethodInterceptor.intercept(ConfigurationClassEnhancer.java:331) ~[spring-context-5.3.2.jar:5.3.2]
	at com.github.zxbu.webdavteambition.config.AliYunDriverAutoConfig$$EnhancerBySpringCGLIB$$a118b4ca.teambitionClient(<generated>) ~[classes/:na]
	at java.base/jdk.internal.reflect.NativeMethodAccessorImpl.invoke0(Native Method) ~[na:na]
	at java.base/jdk.internal.reflect.NativeMethodAccessorImpl.invoke(NativeMethodAccessorImpl.java:64) ~[na:na]
	at java.base/jdk.internal.reflect.DelegatingMethodAccessorImpl.invoke(DelegatingMethodAccessorImpl.java:43) ~[na:na]
	at java.base/java.lang.reflect.Method.invoke(Method.java:564) ~[na:na]
	at org.springframework.beans.factory.support.SimpleInstantiationStrategy.instantiate(SimpleInstantiationStrategy.java:154) ~[spring-beans-5.3.2.jar:5.3.2]
	... 35 common frames omitted
Caused by: java.net.ConnectException: Failed to connect to cloud.189.cn/14.18.110.142:443
	at okhttp3.internal.connection.RealConnection.connectSocket(RealConnection.java:265) ~[okhttp-3.14.9.jar:na]
	at okhttp3.internal.connection.RealConnection.connect(RealConnection.java:183) ~[okhttp-3.14.9.jar:na]
	at okhttp3.internal.connection.ExchangeFinder.findConnection(ExchangeFinder.java:224) ~[okhttp-3.14.9.jar:na]
	at okhttp3.internal.connection.ExchangeFinder.findHealthyConnection(ExchangeFinder.java:108) ~[okhttp-3.14.9.jar:na]
	at okhttp3.internal.connection.ExchangeFinder.find(ExchangeFinder.java:88) ~[okhttp-3.14.9.jar:na]
	at okhttp3.internal.connection.Transmitter.newExchange(Transmitter.java:169) ~[okhttp-3.14.9.jar:na]
	at okhttp3.internal.connection.ConnectInterceptor.intercept(ConnectInterceptor.java:41) ~[okhttp-3.14.9.jar:na]
	at okhttp3.internal.http.RealInterceptorChain.proceed(RealInterceptorChain.java:142) ~[okhttp-3.14.9.jar:na]
	at okhttp3.internal.http.RealInterceptorChain.proceed(RealInterceptorChain.java:117) ~[okhttp-3.14.9.jar:na]
	at okhttp3.internal.cache.CacheInterceptor.intercept(CacheInterceptor.java:94) ~[okhttp-3.14.9.jar:na]
	at okhttp3.internal.http.RealInterceptorChain.proceed(RealInterceptorChain.java:142) ~[okhttp-3.14.9.jar:na]
	at okhttp3.internal.http.RealInterceptorChain.proceed(RealInterceptorChain.java:117) ~[okhttp-3.14.9.jar:na]
	at okhttp3.internal.http.BridgeInterceptor.intercept(BridgeInterceptor.java:93) ~[okhttp-3.14.9.jar:na]
	at okhttp3.internal.http.RealInterceptorChain.proceed(RealInterceptorChain.java:142) ~[okhttp-3.14.9.jar:na]
	at okhttp3.internal.http.RetryAndFollowUpInterceptor.intercept(RetryAndFollowUpInterceptor.java:88) ~[okhttp-3.14.9.jar:na]
	at okhttp3.internal.http.RealInterceptorChain.proceed(RealInterceptorChain.java:142) ~[okhttp-3.14.9.jar:na]
	at okhttp3.internal.http.RealInterceptorChain.proceed(RealInterceptorChain.java:117) ~[okhttp-3.14.9.jar:na]
	at com.github.zxbu.webdavteambition.client.AliYunDriverClient$3.intercept(AliYunDriverClient.java:44) ~[classes/:na]
	at okhttp3.internal.http.RealInterceptorChain.proceed(RealInterceptorChain.java:142) ~[okhttp-3.14.9.jar:na]
	at okhttp3.internal.http.RealInterceptorChain.proceed(RealInterceptorChain.java:117) ~[okhttp-3.14.9.jar:na]
	at okhttp3.RealCall.getResponseWithInterceptorChain(RealCall.java:229) ~[okhttp-3.14.9.jar:na]
	at okhttp3.RealCall.execute(RealCall.java:81) ~[okhttp-3.14.9.jar:na]
	at com.github.zxbu.webdavteambition.client.AliYunDriverClient.get(AliYunDriverClient.java:209) ~[classes/:na]
	... 48 common frames omitted
Caused by: java.net.ConnectException: Connection timed out: no further information
	at java.base/sun.nio.ch.Net.pollConnect(Native Method) ~[na:na]
	at java.base/sun.nio.ch.Net.pollConnectNow(Net.java:660) ~[na:na]
	at java.base/sun.nio.ch.NioSocketImpl.timedFinishConnect(NioSocketImpl.java:549) ~[na:na]
	at java.base/sun.nio.ch.NioSocketImpl.connect(NioSocketImpl.java:597) ~[na:na]
	at java.base/java.net.SocksSocketImpl.connect(SocksSocketImpl.java:333) ~[na:na]
	at java.base/java.net.Socket.connect(Socket.java:648) ~[na:na]
	at okhttp3.internal.platform.Platform.connectSocket(Platform.java:130) ~[okhttp-3.14.9.jar:na]
	at okhttp3.internal.connection.RealConnection.connectSocket(RealConnection.java:263) ~[okhttp-3.14.9.jar:na]
	... 70 common frames omitted

2022-05-06 15:09:49.242  INFO 4800 --- [main] c.g.z.w.WebdavTeambitionApplication      : Starting WebdavTeambitionApplication using Java 15.0.2 on PISSH2008003 with PID 4800 (D:\java\webdav-aliyundriver-main\target\classes started by 70B1916 in D:\java\webdav-aliyundriver-main)
2022-05-06 15:09:49.248  INFO 4800 --- [main] c.g.z.w.WebdavTeambitionApplication      : No active profile set, falling back to default profiles: default
2022-05-06 15:09:51.686  INFO 4800 --- [main] o.s.b.w.embedded.tomcat.TomcatWebServer  : Tomcat initialized with port(s): 8080 (http)
2022-05-06 15:09:51.702  INFO 4800 --- [main] o.apache.catalina.core.StandardService   : Starting service [Tomcat]
2022-05-06 15:09:51.703  INFO 4800 --- [main] org.apache.catalina.core.StandardEngine  : Starting Servlet engine: [Apache Tomcat/9.0.41]
2022-05-06 15:09:51.874  INFO 4800 --- [main] o.a.c.c.C.[Tomcat].[localhost].[/]       : Initializing Spring embedded WebApplicationContext
2022-05-06 15:09:51.874  INFO 4800 --- [main] w.s.c.ServletWebServerApplicationContext : Root WebApplicationContext: initialization completed in 2480 ms
2022-05-06 15:09:52.212  INFO 4800 --- [main] o.s.boot.web.servlet.RegistrationBean    : Servlet webdavServlet was not registered (possibly already registered?)
2022-05-06 15:10:33.300  INFO 7144 --- [main] c.g.z.w.WebdavTeambitionApplication      : Starting WebdavTeambitionApplication using Java 15.0.2 on PISSH2008003 with PID 7144 (D:\java\webdav-aliyundriver-main\target\classes started by 70B1916 in D:\java\webdav-aliyundriver-main)
2022-05-06 15:10:33.306  INFO 7144 --- [main] c.g.z.w.WebdavTeambitionApplication      : No active profile set, falling back to default profiles: default
2022-05-06 15:10:36.821  INFO 7144 --- [main] o.s.b.w.embedded.tomcat.TomcatWebServer  : Tomcat initialized with port(s): 8080 (http)
2022-05-06 15:10:36.901  INFO 7144 --- [main] o.apache.catalina.core.StandardService   : Starting service [Tomcat]
2022-05-06 15:10:36.903  INFO 7144 --- [main] org.apache.catalina.core.StandardEngine  : Starting Servlet engine: [Apache Tomcat/9.0.41]
2022-05-06 15:10:37.172  INFO 7144 --- [main] o.a.c.c.C.[Tomcat].[localhost].[/]       : Initializing Spring embedded WebApplicationContext
2022-05-06 15:10:37.172  INFO 7144 --- [main] w.s.c.ServletWebServerApplicationContext : Root WebApplicationContext: initialization completed in 3671 ms
2022-05-06 15:12:30.368  INFO 7144 --- [main] o.s.boot.web.servlet.RegistrationBean    : Servlet webdavServlet was not registered (possibly already registered?)
2022-05-06 15:21:31.933  WARN 7144 --- [main] ConfigServletWebServerApplicationContext : Exception encountered during context initialization - cancelling refresh attempt: org.springframework.beans.factory.UnsatisfiedDependencyException: Error creating bean with name 'aliYunDriverClientService' defined in file [D:\java\webdav-aliyundriver-main\target\classes\com\github\zxbu\webdavteambition\store\AliYunDriverClientService.class]: Unsatisfied dependency expressed through constructor parameter 0; nested exception is org.springframework.beans.factory.BeanCreationException: Error creating bean with name 'teambitionClient' defined in class path resource [com/github/zxbu/webdavteambition/config/AliYunDriverAutoConfig.class]: Bean instantiation via factory method failed; nested exception is org.springframework.beans.BeanInstantiationException: Failed to instantiate [com.github.zxbu.webdavteambition.client.AliYunDriverClient]: Factory method 'teambitionClient' threw exception; nested exception is net.sf.webdav.exceptions.WebdavException: java.net.ConnectException: Failed to connect to cloud.189.cn/14.18.110.142:443
2022-05-06 15:21:31.941  INFO 7144 --- [main] o.apache.catalina.core.StandardService   : Stopping service [Tomcat]
2022-05-06 15:21:31.970  INFO 7144 --- [main] ConditionEvaluationReportLoggingListener : 

Error starting ApplicationContext. To display the conditions report re-run your application with 'debug' enabled.
2022-05-06 15:21:32.027 ERROR 7144 --- [main] o.s.boot.SpringApplication               : Application run failed

org.springframework.beans.factory.UnsatisfiedDependencyException: Error creating bean with name 'aliYunDriverClientService' defined in file [D:\java\webdav-aliyundriver-main\target\classes\com\github\zxbu\webdavteambition\store\AliYunDriverClientService.class]: Unsatisfied dependency expressed through constructor parameter 0; nested exception is org.springframework.beans.factory.BeanCreationException: Error creating bean with name 'teambitionClient' defined in class path resource [com/github/zxbu/webdavteambition/config/AliYunDriverAutoConfig.class]: Bean instantiation via factory method failed; nested exception is org.springframework.beans.BeanInstantiationException: Failed to instantiate [com.github.zxbu.webdavteambition.client.AliYunDriverClient]: Factory method 'teambitionClient' threw exception; nested exception is net.sf.webdav.exceptions.WebdavException: java.net.ConnectException: Failed to connect to cloud.189.cn/14.18.110.142:443
	at org.springframework.beans.factory.support.ConstructorResolver.createArgumentArray(ConstructorResolver.java:800) ~[spring-beans-5.3.2.jar:5.3.2]
	at org.springframework.beans.factory.support.ConstructorResolver.autowireConstructor(ConstructorResolver.java:229) ~[spring-beans-5.3.2.jar:5.3.2]
	at org.springframework.beans.factory.support.AbstractAutowireCapableBeanFactory.autowireConstructor(AbstractAutowireCapableBeanFactory.java:1356) ~[spring-beans-5.3.2.jar:5.3.2]
	at org.springframework.beans.factory.support.AbstractAutowireCapableBeanFactory.createBeanInstance(AbstractAutowireCapableBeanFactory.java:1206) ~[spring-beans-5.3.2.jar:5.3.2]
	at org.springframework.beans.factory.support.AbstractAutowireCapableBeanFactory.doCreateBean(AbstractAutowireCapableBeanFactory.java:571) ~[spring-beans-5.3.2.jar:5.3.2]
	at org.springframework.beans.factory.support.AbstractAutowireCapableBeanFactory.createBean(AbstractAutowireCapableBeanFactory.java:531) ~[spring-beans-5.3.2.jar:5.3.2]
	at org.springframework.beans.factory.support.AbstractBeanFactory.lambda$doGetBean$0(AbstractBeanFactory.java:335) ~[spring-beans-5.3.2.jar:5.3.2]
	at org.springframework.beans.factory.support.DefaultSingletonBeanRegistry.getSingleton(DefaultSingletonBeanRegistry.java:234) ~[spring-beans-5.3.2.jar:5.3.2]
	at org.springframework.beans.factory.support.AbstractBeanFactory.doGetBean(AbstractBeanFactory.java:333) ~[spring-beans-5.3.2.jar:5.3.2]
	at org.springframework.beans.factory.support.AbstractBeanFactory.getBean(AbstractBeanFactory.java:208) ~[spring-beans-5.3.2.jar:5.3.2]
	at org.springframework.beans.factory.support.DefaultListableBeanFactory.preInstantiateSingletons(DefaultListableBeanFactory.java:944) ~[spring-beans-5.3.2.jar:5.3.2]
	at org.springframework.context.support.AbstractApplicationContext.finishBeanFactoryInitialization(AbstractApplicationContext.java:923) ~[spring-context-5.3.2.jar:5.3.2]
	at org.springframework.context.support.AbstractApplicationContext.refresh(AbstractApplicationContext.java:588) ~[spring-context-5.3.2.jar:5.3.2]
	at org.springframework.boot.web.servlet.context.ServletWebServerApplicationContext.refresh(ServletWebServerApplicationContext.java:144) ~[spring-boot-2.4.1.jar:2.4.1]
	at org.springframework.boot.SpringApplication.refresh(SpringApplication.java:767) ~[spring-boot-2.4.1.jar:2.4.1]
	at org.springframework.boot.SpringApplication.refresh(SpringApplication.java:759) ~[spring-boot-2.4.1.jar:2.4.1]
	at org.springframework.boot.SpringApplication.refreshContext(SpringApplication.java:426) ~[spring-boot-2.4.1.jar:2.4.1]
	at org.springframework.boot.SpringApplication.run(SpringApplication.java:326) ~[spring-boot-2.4.1.jar:2.4.1]
	at org.springframework.boot.SpringApplication.run(SpringApplication.java:1309) ~[spring-boot-2.4.1.jar:2.4.1]
	at org.springframework.boot.SpringApplication.run(SpringApplication.java:1298) ~[spring-boot-2.4.1.jar:2.4.1]
	at com.github.zxbu.webdavteambition.WebdavTeambitionApplication.main(WebdavTeambitionApplication.java:22) ~[classes/:na]
Caused by: org.springframework.beans.factory.BeanCreationException: Error creating bean with name 'teambitionClient' defined in class path resource [com/github/zxbu/webdavteambition/config/AliYunDriverAutoConfig.class]: Bean instantiation via factory method failed; nested exception is org.springframework.beans.BeanInstantiationException: Failed to instantiate [com.github.zxbu.webdavteambition.client.AliYunDriverClient]: Factory method 'teambitionClient' threw exception; nested exception is net.sf.webdav.exceptions.WebdavException: java.net.ConnectException: Failed to connect to cloud.189.cn/14.18.110.142:443
	at org.springframework.beans.factory.support.ConstructorResolver.instantiate(ConstructorResolver.java:658) ~[spring-beans-5.3.2.jar:5.3.2]
	at org.springframework.beans.factory.support.ConstructorResolver.instantiateUsingFactoryMethod(ConstructorResolver.java:638) ~[spring-beans-5.3.2.jar:5.3.2]
	at org.springframework.beans.factory.support.AbstractAutowireCapableBeanFactory.instantiateUsingFactoryMethod(AbstractAutowireCapableBeanFactory.java:1336) ~[spring-beans-5.3.2.jar:5.3.2]
	at org.springframework.beans.factory.support.AbstractAutowireCapableBeanFactory.createBeanInstance(AbstractAutowireCapableBeanFactory.java:1179) ~[spring-beans-5.3.2.jar:5.3.2]
	at org.springframework.beans.factory.support.AbstractAutowireCapableBeanFactory.doCreateBean(AbstractAutowireCapableBeanFactory.java:571) ~[spring-beans-5.3.2.jar:5.3.2]
	at org.springframework.beans.factory.support.AbstractAutowireCapableBeanFactory.createBean(AbstractAutowireCapableBeanFactory.java:531) ~[spring-beans-5.3.2.jar:5.3.2]
	at org.springframework.beans.factory.support.AbstractBeanFactory.lambda$doGetBean$0(AbstractBeanFactory.java:335) ~[spring-beans-5.3.2.jar:5.3.2]
	at org.springframework.beans.factory.support.DefaultSingletonBeanRegistry.getSingleton(DefaultSingletonBeanRegistry.java:234) ~[spring-beans-5.3.2.jar:5.3.2]
	at org.springframework.beans.factory.support.AbstractBeanFactory.doGetBean(AbstractBeanFactory.java:333) ~[spring-beans-5.3.2.jar:5.3.2]
	at org.springframework.beans.factory.support.AbstractBeanFactory.getBean(AbstractBeanFactory.java:208) ~[spring-beans-5.3.2.jar:5.3.2]
	at org.springframework.beans.factory.config.DependencyDescriptor.resolveCandidate(DependencyDescriptor.java:276) ~[spring-beans-5.3.2.jar:5.3.2]
	at org.springframework.beans.factory.support.DefaultListableBeanFactory.doResolveDependency(DefaultListableBeanFactory.java:1367) ~[spring-beans-5.3.2.jar:5.3.2]
	at org.springframework.beans.factory.support.DefaultListableBeanFactory.resolveDependency(DefaultListableBeanFactory.java:1287) ~[spring-beans-5.3.2.jar:5.3.2]
	at org.springframework.beans.factory.support.ConstructorResolver.resolveAutowiredArgument(ConstructorResolver.java:887) ~[spring-beans-5.3.2.jar:5.3.2]
	at org.springframework.beans.factory.support.ConstructorResolver.createArgumentArray(ConstructorResolver.java:791) ~[spring-beans-5.3.2.jar:5.3.2]
	... 20 common frames omitted
Caused by: org.springframework.beans.BeanInstantiationException: Failed to instantiate [com.github.zxbu.webdavteambition.client.AliYunDriverClient]: Factory method 'teambitionClient' threw exception; nested exception is net.sf.webdav.exceptions.WebdavException: java.net.ConnectException: Failed to connect to cloud.189.cn/14.18.110.142:443
	at org.springframework.beans.factory.support.SimpleInstantiationStrategy.instantiate(SimpleInstantiationStrategy.java:185) ~[spring-beans-5.3.2.jar:5.3.2]
	at org.springframework.beans.factory.support.ConstructorResolver.instantiate(ConstructorResolver.java:653) ~[spring-beans-5.3.2.jar:5.3.2]
	... 34 common frames omitted
Caused by: net.sf.webdav.exceptions.WebdavException: java.net.ConnectException: Failed to connect to cloud.189.cn/14.18.110.142:443
	at com.github.zxbu.webdavteambition.client.AliYunDriverClient.get(AliYunDriverClient.java:218) ~[classes/:na]
	at com.github.zxbu.webdavteambition.client.AliYunDriverClient.init(AliYunDriverClient.java:112) ~[classes/:na]
	at com.github.zxbu.webdavteambition.client.AliYunDriverClient.<init>(AliYunDriverClient.java:102) ~[classes/:na]
	at com.github.zxbu.webdavteambition.config.AliYunDriverAutoConfig.teambitionClient(AliYunDriverAutoConfig.java:22) ~[classes/:na]
	at com.github.zxbu.webdavteambition.config.AliYunDriverAutoConfig$$EnhancerBySpringCGLIB$$8f67a902.CGLIB$teambitionClient$0(<generated>) ~[classes/:na]
	at com.github.zxbu.webdavteambition.config.AliYunDriverAutoConfig$$EnhancerBySpringCGLIB$$8f67a902$$FastClassBySpringCGLIB$$b1f807db.invoke(<generated>) ~[classes/:na]
	at org.springframework.cglib.proxy.MethodProxy.invokeSuper(MethodProxy.java:244) ~[spring-core-5.3.2.jar:5.3.2]
	at org.springframework.context.annotation.ConfigurationClassEnhancer$BeanMethodInterceptor.intercept(ConfigurationClassEnhancer.java:331) ~[spring-context-5.3.2.jar:5.3.2]
	at com.github.zxbu.webdavteambition.config.AliYunDriverAutoConfig$$EnhancerBySpringCGLIB$$8f67a902.teambitionClient(<generated>) ~[classes/:na]
	at java.base/jdk.internal.reflect.NativeMethodAccessorImpl.invoke0(Native Method) ~[na:na]
	at java.base/jdk.internal.reflect.NativeMethodAccessorImpl.invoke(NativeMethodAccessorImpl.java:64) ~[na:na]
	at java.base/jdk.internal.reflect.DelegatingMethodAccessorImpl.invoke(DelegatingMethodAccessorImpl.java:43) ~[na:na]
	at java.base/java.lang.reflect.Method.invoke(Method.java:564) ~[na:na]
	at org.springframework.beans.factory.support.SimpleInstantiationStrategy.instantiate(SimpleInstantiationStrategy.java:154) ~[spring-beans-5.3.2.jar:5.3.2]
	... 35 common frames omitted
Caused by: java.net.ConnectException: Failed to connect to cloud.189.cn/14.18.110.142:443
	at okhttp3.internal.connection.RealConnection.connectSocket(RealConnection.java:265) ~[okhttp-3.14.9.jar:na]
	at okhttp3.internal.connection.RealConnection.connect(RealConnection.java:183) ~[okhttp-3.14.9.jar:na]
	at okhttp3.internal.connection.ExchangeFinder.findConnection(ExchangeFinder.java:224) ~[okhttp-3.14.9.jar:na]
	at okhttp3.internal.connection.ExchangeFinder.findHealthyConnection(ExchangeFinder.java:108) ~[okhttp-3.14.9.jar:na]
	at okhttp3.internal.connection.ExchangeFinder.find(ExchangeFinder.java:88) ~[okhttp-3.14.9.jar:na]
	at okhttp3.internal.connection.Transmitter.newExchange(Transmitter.java:169) ~[okhttp-3.14.9.jar:na]
	at okhttp3.internal.connection.ConnectInterceptor.intercept(ConnectInterceptor.java:41) ~[okhttp-3.14.9.jar:na]
	at okhttp3.internal.http.RealInterceptorChain.proceed(RealInterceptorChain.java:142) ~[okhttp-3.14.9.jar:na]
	at okhttp3.internal.http.RealInterceptorChain.proceed(RealInterceptorChain.java:117) ~[okhttp-3.14.9.jar:na]
	at okhttp3.internal.cache.CacheInterceptor.intercept(CacheInterceptor.java:94) ~[okhttp-3.14.9.jar:na]
	at okhttp3.internal.http.RealInterceptorChain.proceed(RealInterceptorChain.java:142) ~[okhttp-3.14.9.jar:na]
	at okhttp3.internal.http.RealInterceptorChain.proceed(RealInterceptorChain.java:117) ~[okhttp-3.14.9.jar:na]
	at okhttp3.internal.http.BridgeInterceptor.intercept(BridgeInterceptor.java:93) ~[okhttp-3.14.9.jar:na]
	at okhttp3.internal.http.RealInterceptorChain.proceed(RealInterceptorChain.java:142) ~[okhttp-3.14.9.jar:na]
	at okhttp3.internal.http.RetryAndFollowUpInterceptor.intercept(RetryAndFollowUpInterceptor.java:88) ~[okhttp-3.14.9.jar:na]
	at okhttp3.internal.http.RealInterceptorChain.proceed(RealInterceptorChain.java:142) ~[okhttp-3.14.9.jar:na]
	at okhttp3.internal.http.RealInterceptorChain.proceed(RealInterceptorChain.java:117) ~[okhttp-3.14.9.jar:na]
	at com.github.zxbu.webdavteambition.client.AliYunDriverClient$3.intercept(AliYunDriverClient.java:44) ~[classes/:na]
	at okhttp3.internal.http.RealInterceptorChain.proceed(RealInterceptorChain.java:142) ~[okhttp-3.14.9.jar:na]
	at okhttp3.internal.http.RealInterceptorChain.proceed(RealInterceptorChain.java:117) ~[okhttp-3.14.9.jar:na]
	at okhttp3.RealCall.getResponseWithInterceptorChain(RealCall.java:229) ~[okhttp-3.14.9.jar:na]
	at okhttp3.RealCall.execute(RealCall.java:81) ~[okhttp-3.14.9.jar:na]
	at com.github.zxbu.webdavteambition.client.AliYunDriverClient.get(AliYunDriverClient.java:209) ~[classes/:na]
	... 48 common frames omitted
Caused by: java.net.ConnectException: Connection timed out: no further information
	at java.base/sun.nio.ch.Net.pollConnect(Native Method) ~[na:na]
	at java.base/sun.nio.ch.Net.pollConnectNow(Net.java:660) ~[na:na]
	at java.base/sun.nio.ch.NioSocketImpl.timedFinishConnect(NioSocketImpl.java:549) ~[na:na]
	at java.base/sun.nio.ch.NioSocketImpl.connect(NioSocketImpl.java:597) ~[na:na]
	at java.base/java.net.SocksSocketImpl.connect(SocksSocketImpl.java:333) ~[na:na]
	at java.base/java.net.Socket.connect(Socket.java:648) ~[na:na]
	at okhttp3.internal.platform.Platform.connectSocket(Platform.java:130) ~[okhttp-3.14.9.jar:na]
	at okhttp3.internal.connection.RealConnection.connectSocket(RealConnection.java:263) ~[okhttp-3.14.9.jar:na]
	... 70 common frames omitted

2022-05-06 15:21:41.877  INFO 14564 --- [main] c.g.z.w.WebdavTeambitionApplication      : Starting WebdavTeambitionApplication using Java 15.0.2 on PISSH2008003 with PID 14564 (D:\java\webdav-aliyundriver-main\target\classes started by 70B1916 in D:\java\webdav-aliyundriver-main)
2022-05-06 15:21:41.882  INFO 14564 --- [main] c.g.z.w.WebdavTeambitionApplication      : No active profile set, falling back to default profiles: default
2022-05-06 15:21:44.846  INFO 14564 --- [main] o.s.b.w.embedded.tomcat.TomcatWebServer  : Tomcat initialized with port(s): 8080 (http)
2022-05-06 15:21:44.870  INFO 14564 --- [main] o.apache.catalina.core.StandardService   : Starting service [Tomcat]
2022-05-06 15:21:44.870  INFO 14564 --- [main] org.apache.catalina.core.StandardEngine  : Starting Servlet engine: [Apache Tomcat/9.0.41]
2022-05-06 15:21:45.112  INFO 14564 --- [main] o.a.c.c.C.[Tomcat].[localhost].[/]       : Initializing Spring embedded WebApplicationContext
2022-05-06 15:21:45.112  INFO 14564 --- [main] w.s.c.ServletWebServerApplicationContext : Root WebApplicationContext: initialization completed in 3052 ms
2022-05-06 15:21:50.190  INFO 14564 --- [main] o.s.boot.web.servlet.RegistrationBean    : Servlet webdavServlet was not registered (possibly already registered?)
2022-05-06 15:22:35.697  WARN 14564 --- [main] ConfigServletWebServerApplicationContext : Exception encountered during context initialization - cancelling refresh attempt: org.springframework.beans.factory.UnsatisfiedDependencyException: Error creating bean with name 'aliYunDriverClientService' defined in file [D:\java\webdav-aliyundriver-main\target\classes\com\github\zxbu\webdavteambition\store\AliYunDriverClientService.class]: Unsatisfied dependency expressed through constructor parameter 0; nested exception is org.springframework.beans.factory.BeanCreationException: Error creating bean with name 'teambitionClient' defined in class path resource [com/github/zxbu/webdavteambition/config/AliYunDriverAutoConfig.class]: Bean instantiation via factory method failed; nested exception is org.springframework.beans.BeanInstantiationException: Failed to instantiate [com.github.zxbu.webdavteambition.client.AliYunDriverClient]: Factory method 'teambitionClient' threw exception; nested exception is net.sf.webdav.exceptions.WebdavException: java.net.ConnectException: Failed to connect to cloud.189.cn/14.18.110.142:443
2022-05-06 15:22:42.936  INFO 7524 --- [main] c.g.z.w.WebdavTeambitionApplication      : Starting WebdavTeambitionApplication using Java 15.0.2 on PISSH2008003 with PID 7524 (D:\java\webdav-aliyundriver-main\target\classes started by 70B1916 in D:\java\webdav-aliyundriver-main)
2022-05-06 15:22:42.943  INFO 7524 --- [main] c.g.z.w.WebdavTeambitionApplication      : No active profile set, falling back to default profiles: default
2022-05-06 15:22:45.279  INFO 7524 --- [main] o.s.b.w.embedded.tomcat.TomcatWebServer  : Tomcat initialized with port(s): 8080 (http)
2022-05-06 15:22:45.297  INFO 7524 --- [main] o.apache.catalina.core.StandardService   : Starting service [Tomcat]
2022-05-06 15:22:45.298  INFO 7524 --- [main] org.apache.catalina.core.StandardEngine  : Starting Servlet engine: [Apache Tomcat/9.0.41]
2022-05-06 15:22:45.535  INFO 7524 --- [main] o.a.c.c.C.[Tomcat].[localhost].[/]       : Initializing Spring embedded WebApplicationContext
2022-05-06 15:22:45.537  INFO 7524 --- [main] w.s.c.ServletWebServerApplicationContext : Root WebApplicationContext: initialization completed in 2431 ms
2022-05-06 15:22:48.460  INFO 7524 --- [main] o.s.boot.web.servlet.RegistrationBean    : Servlet webdavServlet was not registered (possibly already registered?)
2022-05-06 15:27:01.248  WARN 7524 --- [main] ConfigServletWebServerApplicationContext : Exception encountered during context initialization - cancelling refresh attempt: org.springframework.beans.factory.UnsatisfiedDependencyException: Error creating bean with name 'aliYunDriverClientService' defined in file [D:\java\webdav-aliyundriver-main\target\classes\com\github\zxbu\webdavteambition\store\AliYunDriverClientService.class]: Unsatisfied dependency expressed through constructor parameter 0; nested exception is org.springframework.beans.factory.BeanCreationException: Error creating bean with name 'teambitionClient' defined in class path resource [com/github/zxbu/webdavteambition/config/AliYunDriverAutoConfig.class]: Bean instantiation via factory method failed; nested exception is org.springframework.beans.BeanInstantiationException: Failed to instantiate [com.github.zxbu.webdavteambition.client.AliYunDriverClient]: Factory method 'teambitionClient' threw exception; nested exception is net.sf.webdav.exceptions.WebdavException: java.net.ConnectException: Failed to connect to cloud.189.cn/14.18.110.142:443
2022-05-06 15:27:01.255  INFO 7524 --- [main] o.apache.catalina.core.StandardService   : Stopping service [Tomcat]
2022-05-06 15:27:01.274  INFO 7524 --- [main] ConditionEvaluationReportLoggingListener : 

Error starting ApplicationContext. To display the conditions report re-run your application with 'debug' enabled.
2022-05-06 15:27:01.312 ERROR 7524 --- [main] o.s.boot.SpringApplication               : Application run failed

org.springframework.beans.factory.UnsatisfiedDependencyException: Error creating bean with name 'aliYunDriverClientService' defined in file [D:\java\webdav-aliyundriver-main\target\classes\com\github\zxbu\webdavteambition\store\AliYunDriverClientService.class]: Unsatisfied dependency expressed through constructor parameter 0; nested exception is org.springframework.beans.factory.BeanCreationException: Error creating bean with name 'teambitionClient' defined in class path resource [com/github/zxbu/webdavteambition/config/AliYunDriverAutoConfig.class]: Bean instantiation via factory method failed; nested exception is org.springframework.beans.BeanInstantiationException: Failed to instantiate [com.github.zxbu.webdavteambition.client.AliYunDriverClient]: Factory method 'teambitionClient' threw exception; nested exception is net.sf.webdav.exceptions.WebdavException: java.net.ConnectException: Failed to connect to cloud.189.cn/14.18.110.142:443
	at org.springframework.beans.factory.support.ConstructorResolver.createArgumentArray(ConstructorResolver.java:800) ~[spring-beans-5.3.2.jar:5.3.2]
	at org.springframework.beans.factory.support.ConstructorResolver.autowireConstructor(ConstructorResolver.java:229) ~[spring-beans-5.3.2.jar:5.3.2]
	at org.springframework.beans.factory.support.AbstractAutowireCapableBeanFactory.autowireConstructor(AbstractAutowireCapableBeanFactory.java:1356) ~[spring-beans-5.3.2.jar:5.3.2]
	at org.springframework.beans.factory.support.AbstractAutowireCapableBeanFactory.createBeanInstance(AbstractAutowireCapableBeanFactory.java:1206) ~[spring-beans-5.3.2.jar:5.3.2]
	at org.springframework.beans.factory.support.AbstractAutowireCapableBeanFactory.doCreateBean(AbstractAutowireCapableBeanFactory.java:571) ~[spring-beans-5.3.2.jar:5.3.2]
	at org.springframework.beans.factory.support.AbstractAutowireCapableBeanFactory.createBean(AbstractAutowireCapableBeanFactory.java:531) ~[spring-beans-5.3.2.jar:5.3.2]
	at org.springframework.beans.factory.support.AbstractBeanFactory.lambda$doGetBean$0(AbstractBeanFactory.java:335) ~[spring-beans-5.3.2.jar:5.3.2]
	at org.springframework.beans.factory.support.DefaultSingletonBeanRegistry.getSingleton(DefaultSingletonBeanRegistry.java:234) ~[spring-beans-5.3.2.jar:5.3.2]
	at org.springframework.beans.factory.support.AbstractBeanFactory.doGetBean(AbstractBeanFactory.java:333) ~[spring-beans-5.3.2.jar:5.3.2]
	at org.springframework.beans.factory.support.AbstractBeanFactory.getBean(AbstractBeanFactory.java:208) ~[spring-beans-5.3.2.jar:5.3.2]
	at org.springframework.beans.factory.support.DefaultListableBeanFactory.preInstantiateSingletons(DefaultListableBeanFactory.java:944) ~[spring-beans-5.3.2.jar:5.3.2]
	at org.springframework.context.support.AbstractApplicationContext.finishBeanFactoryInitialization(AbstractApplicationContext.java:923) ~[spring-context-5.3.2.jar:5.3.2]
	at org.springframework.context.support.AbstractApplicationContext.refresh(AbstractApplicationContext.java:588) ~[spring-context-5.3.2.jar:5.3.2]
	at org.springframework.boot.web.servlet.context.ServletWebServerApplicationContext.refresh(ServletWebServerApplicationContext.java:144) ~[spring-boot-2.4.1.jar:2.4.1]
	at org.springframework.boot.SpringApplication.refresh(SpringApplication.java:767) ~[spring-boot-2.4.1.jar:2.4.1]
	at org.springframework.boot.SpringApplication.refresh(SpringApplication.java:759) ~[spring-boot-2.4.1.jar:2.4.1]
	at org.springframework.boot.SpringApplication.refreshContext(SpringApplication.java:426) ~[spring-boot-2.4.1.jar:2.4.1]
	at org.springframework.boot.SpringApplication.run(SpringApplication.java:326) ~[spring-boot-2.4.1.jar:2.4.1]
	at org.springframework.boot.SpringApplication.run(SpringApplication.java:1309) ~[spring-boot-2.4.1.jar:2.4.1]
	at org.springframework.boot.SpringApplication.run(SpringApplication.java:1298) ~[spring-boot-2.4.1.jar:2.4.1]
	at com.github.zxbu.webdavteambition.WebdavTeambitionApplication.main(WebdavTeambitionApplication.java:22) ~[classes/:na]
Caused by: org.springframework.beans.factory.BeanCreationException: Error creating bean with name 'teambitionClient' defined in class path resource [com/github/zxbu/webdavteambition/config/AliYunDriverAutoConfig.class]: Bean instantiation via factory method failed; nested exception is org.springframework.beans.BeanInstantiationException: Failed to instantiate [com.github.zxbu.webdavteambition.client.AliYunDriverClient]: Factory method 'teambitionClient' threw exception; nested exception is net.sf.webdav.exceptions.WebdavException: java.net.ConnectException: Failed to connect to cloud.189.cn/14.18.110.142:443
	at org.springframework.beans.factory.support.ConstructorResolver.instantiate(ConstructorResolver.java:658) ~[spring-beans-5.3.2.jar:5.3.2]
	at org.springframework.beans.factory.support.ConstructorResolver.instantiateUsingFactoryMethod(ConstructorResolver.java:638) ~[spring-beans-5.3.2.jar:5.3.2]
	at org.springframework.beans.factory.support.AbstractAutowireCapableBeanFactory.instantiateUsingFactoryMethod(AbstractAutowireCapableBeanFactory.java:1336) ~[spring-beans-5.3.2.jar:5.3.2]
	at org.springframework.beans.factory.support.AbstractAutowireCapableBeanFactory.createBeanInstance(AbstractAutowireCapableBeanFactory.java:1179) ~[spring-beans-5.3.2.jar:5.3.2]
	at org.springframework.beans.factory.support.AbstractAutowireCapableBeanFactory.doCreateBean(AbstractAutowireCapableBeanFactory.java:571) ~[spring-beans-5.3.2.jar:5.3.2]
	at org.springframework.beans.factory.support.AbstractAutowireCapableBeanFactory.createBean(AbstractAutowireCapableBeanFactory.java:531) ~[spring-beans-5.3.2.jar:5.3.2]
	at org.springframework.beans.factory.support.AbstractBeanFactory.lambda$doGetBean$0(AbstractBeanFactory.java:335) ~[spring-beans-5.3.2.jar:5.3.2]
	at org.springframework.beans.factory.support.DefaultSingletonBeanRegistry.getSingleton(DefaultSingletonBeanRegistry.java:234) ~[spring-beans-5.3.2.jar:5.3.2]
	at org.springframework.beans.factory.support.AbstractBeanFactory.doGetBean(AbstractBeanFactory.java:333) ~[spring-beans-5.3.2.jar:5.3.2]
	at org.springframework.beans.factory.support.AbstractBeanFactory.getBean(AbstractBeanFactory.java:208) ~[spring-beans-5.3.2.jar:5.3.2]
	at org.springframework.beans.factory.config.DependencyDescriptor.resolveCandidate(DependencyDescriptor.java:276) ~[spring-beans-5.3.2.jar:5.3.2]
	at org.springframework.beans.factory.support.DefaultListableBeanFactory.doResolveDependency(DefaultListableBeanFactory.java:1367) ~[spring-beans-5.3.2.jar:5.3.2]
	at org.springframework.beans.factory.support.DefaultListableBeanFactory.resolveDependency(DefaultListableBeanFactory.java:1287) ~[spring-beans-5.3.2.jar:5.3.2]
	at org.springframework.beans.factory.support.ConstructorResolver.resolveAutowiredArgument(ConstructorResolver.java:887) ~[spring-beans-5.3.2.jar:5.3.2]
	at org.springframework.beans.factory.support.ConstructorResolver.createArgumentArray(ConstructorResolver.java:791) ~[spring-beans-5.3.2.jar:5.3.2]
	... 20 common frames omitted
Caused by: org.springframework.beans.BeanInstantiationException: Failed to instantiate [com.github.zxbu.webdavteambition.client.AliYunDriverClient]: Factory method 'teambitionClient' threw exception; nested exception is net.sf.webdav.exceptions.WebdavException: java.net.ConnectException: Failed to connect to cloud.189.cn/14.18.110.142:443
	at org.springframework.beans.factory.support.SimpleInstantiationStrategy.instantiate(SimpleInstantiationStrategy.java:185) ~[spring-beans-5.3.2.jar:5.3.2]
	at org.springframework.beans.factory.support.ConstructorResolver.instantiate(ConstructorResolver.java:653) ~[spring-beans-5.3.2.jar:5.3.2]
	... 34 common frames omitted
Caused by: net.sf.webdav.exceptions.WebdavException: java.net.ConnectException: Failed to connect to cloud.189.cn/14.18.110.142:443
	at com.github.zxbu.webdavteambition.client.AliYunDriverClient.get(AliYunDriverClient.java:218) ~[classes/:na]
	at com.github.zxbu.webdavteambition.client.AliYunDriverClient.init(AliYunDriverClient.java:112) ~[classes/:na]
	at com.github.zxbu.webdavteambition.client.AliYunDriverClient.<init>(AliYunDriverClient.java:102) ~[classes/:na]
	at com.github.zxbu.webdavteambition.config.AliYunDriverAutoConfig.teambitionClient(AliYunDriverAutoConfig.java:22) ~[classes/:na]
	at com.github.zxbu.webdavteambition.config.AliYunDriverAutoConfig$$EnhancerBySpringCGLIB$$8f67a902.CGLIB$teambitionClient$0(<generated>) ~[classes/:na]
	at com.github.zxbu.webdavteambition.config.AliYunDriverAutoConfig$$EnhancerBySpringCGLIB$$8f67a902$$FastClassBySpringCGLIB$$b1f807db.invoke(<generated>) ~[classes/:na]
	at org.springframework.cglib.proxy.MethodProxy.invokeSuper(MethodProxy.java:244) ~[spring-core-5.3.2.jar:5.3.2]
	at org.springframework.context.annotation.ConfigurationClassEnhancer$BeanMethodInterceptor.intercept(ConfigurationClassEnhancer.java:331) ~[spring-context-5.3.2.jar:5.3.2]
	at com.github.zxbu.webdavteambition.config.AliYunDriverAutoConfig$$EnhancerBySpringCGLIB$$8f67a902.teambitionClient(<generated>) ~[classes/:na]
	at java.base/jdk.internal.reflect.NativeMethodAccessorImpl.invoke0(Native Method) ~[na:na]
	at java.base/jdk.internal.reflect.NativeMethodAccessorImpl.invoke(NativeMethodAccessorImpl.java:64) ~[na:na]
	at java.base/jdk.internal.reflect.DelegatingMethodAccessorImpl.invoke(DelegatingMethodAccessorImpl.java:43) ~[na:na]
	at java.base/java.lang.reflect.Method.invoke(Method.java:564) ~[na:na]
	at org.springframework.beans.factory.support.SimpleInstantiationStrategy.instantiate(SimpleInstantiationStrategy.java:154) ~[spring-beans-5.3.2.jar:5.3.2]
	... 35 common frames omitted
Caused by: java.net.ConnectException: Failed to connect to cloud.189.cn/14.18.110.142:443
	at okhttp3.internal.connection.RealConnection.connectSocket(RealConnection.java:265) ~[okhttp-3.14.9.jar:na]
	at okhttp3.internal.connection.RealConnection.connect(RealConnection.java:183) ~[okhttp-3.14.9.jar:na]
	at okhttp3.internal.connection.ExchangeFinder.findConnection(ExchangeFinder.java:224) ~[okhttp-3.14.9.jar:na]
	at okhttp3.internal.connection.ExchangeFinder.findHealthyConnection(ExchangeFinder.java:108) ~[okhttp-3.14.9.jar:na]
	at okhttp3.internal.connection.ExchangeFinder.find(ExchangeFinder.java:88) ~[okhttp-3.14.9.jar:na]
	at okhttp3.internal.connection.Transmitter.newExchange(Transmitter.java:169) ~[okhttp-3.14.9.jar:na]
	at okhttp3.internal.connection.ConnectInterceptor.intercept(ConnectInterceptor.java:41) ~[okhttp-3.14.9.jar:na]
	at okhttp3.internal.http.RealInterceptorChain.proceed(RealInterceptorChain.java:142) ~[okhttp-3.14.9.jar:na]
	at okhttp3.internal.http.RealInterceptorChain.proceed(RealInterceptorChain.java:117) ~[okhttp-3.14.9.jar:na]
	at okhttp3.internal.cache.CacheInterceptor.intercept(CacheInterceptor.java:94) ~[okhttp-3.14.9.jar:na]
	at okhttp3.internal.http.RealInterceptorChain.proceed(RealInterceptorChain.java:142) ~[okhttp-3.14.9.jar:na]
	at okhttp3.internal.http.RealInterceptorChain.proceed(RealInterceptorChain.java:117) ~[okhttp-3.14.9.jar:na]
	at okhttp3.internal.http.BridgeInterceptor.intercept(BridgeInterceptor.java:93) ~[okhttp-3.14.9.jar:na]
	at okhttp3.internal.http.RealInterceptorChain.proceed(RealInterceptorChain.java:142) ~[okhttp-3.14.9.jar:na]
	at okhttp3.internal.http.RetryAndFollowUpInterceptor.intercept(RetryAndFollowUpInterceptor.java:88) ~[okhttp-3.14.9.jar:na]
	at okhttp3.internal.http.RealInterceptorChain.proceed(RealInterceptorChain.java:142) ~[okhttp-3.14.9.jar:na]
	at okhttp3.internal.http.RealInterceptorChain.proceed(RealInterceptorChain.java:117) ~[okhttp-3.14.9.jar:na]
	at com.github.zxbu.webdavteambition.client.AliYunDriverClient$3.intercept(AliYunDriverClient.java:44) ~[classes/:na]
	at okhttp3.internal.http.RealInterceptorChain.proceed(RealInterceptorChain.java:142) ~[okhttp-3.14.9.jar:na]
	at okhttp3.internal.http.RealInterceptorChain.proceed(RealInterceptorChain.java:117) ~[okhttp-3.14.9.jar:na]
	at okhttp3.RealCall.getResponseWithInterceptorChain(RealCall.java:229) ~[okhttp-3.14.9.jar:na]
	at okhttp3.RealCall.execute(RealCall.java:81) ~[okhttp-3.14.9.jar:na]
	at com.github.zxbu.webdavteambition.client.AliYunDriverClient.get(AliYunDriverClient.java:209) ~[classes/:na]
	... 48 common frames omitted
Caused by: java.net.ConnectException: Connection timed out: no further information
	at java.base/sun.nio.ch.Net.pollConnect(Native Method) ~[na:na]
	at java.base/sun.nio.ch.Net.pollConnectNow(Net.java:660) ~[na:na]
	at java.base/sun.nio.ch.NioSocketImpl.timedFinishConnect(NioSocketImpl.java:549) ~[na:na]
	at java.base/sun.nio.ch.NioSocketImpl.connect(NioSocketImpl.java:597) ~[na:na]
	at java.base/java.net.SocksSocketImpl.connect(SocksSocketImpl.java:333) ~[na:na]
	at java.base/java.net.Socket.connect(Socket.java:648) ~[na:na]
	at okhttp3.internal.platform.Platform.connectSocket(Platform.java:130) ~[okhttp-3.14.9.jar:na]
	at okhttp3.internal.connection.RealConnection.connectSocket(RealConnection.java:263) ~[okhttp-3.14.9.jar:na]
	... 70 common frames omitted

2022-05-06 15:37:35.492  INFO 23816 --- [main] c.g.z.w.WebdavTeambitionApplication      : Starting WebdavTeambitionApplication using Java 15.0.2 on PISSH2008003 with PID 23816 (D:\java\webdav-aliyundriver-main\target\classes started by 70B1916 in D:\java\webdav-aliyundriver-main)
2022-05-06 15:37:35.499  INFO 23816 --- [main] c.g.z.w.WebdavTeambitionApplication      : No active profile set, falling back to default profiles: default
2022-05-06 15:37:38.936  INFO 23816 --- [main] o.s.b.w.embedded.tomcat.TomcatWebServer  : Tomcat initialized with port(s): 8080 (http)
2022-05-06 15:37:39.002  INFO 23816 --- [main] o.apache.catalina.core.StandardService   : Starting service [Tomcat]
2022-05-06 15:37:39.003  INFO 23816 --- [main] org.apache.catalina.core.StandardEngine  : Starting Servlet engine: [Apache Tomcat/9.0.41]
2022-05-06 15:37:39.280  INFO 23816 --- [main] o.a.c.c.C.[Tomcat].[localhost].[/]       : Initializing Spring embedded WebApplicationContext
2022-05-06 15:37:39.280  INFO 23816 --- [main] w.s.c.ServletWebServerApplicationContext : Root WebApplicationContext: initialization completed in 3600 ms
